<?xml version="1.0" encoding="UTF-8"?>
<testsuite name="Utest Academy" tests="1" skipped="0" failures="1" errors="0" timestamp="2021-10-26T01:30:26" hostname="LAPTOP-PF69ALFC" time="16.68">
  <properties/>
  <testcase name="Registration on the Utest page" classname="Utest Academy" time="16.68">
    <failure message="cucumber.runtime.CucumberException: No such field co.com.choucair.certification.pruebatecnica.model.AcademyUtestData.strpassword" type="cucumber.runtime.CucumberException">cucumber.runtime.CucumberException: No such field co.com.choucair.certification.pruebatecnica.model.AcademyUtestData.strpassword
	at cucumber.runtime.table.TableConverter.toListOfComplexType(TableConverter.java:107)
	at cucumber.runtime.table.TableConverter.convert(TableConverter.java:92)
	at cucumber.runtime.StepDefinitionMatch.tableArgument(StepDefinitionMatch.java:106)
	at cucumber.runtime.StepDefinitionMatch.transformedArgs(StepDefinitionMatch.java:82)
	at cucumber.runtime.StepDefinitionMatch.runStep(StepDefinitionMatch.java:40)
	at cucumber.api.TestStep.executeStep(TestStep.java:102)
	at cucumber.api.TestStep.run(TestStep.java:83)
	at cucumber.api.TestCase.run(TestCase.java:58)
	at cucumber.runner.Runner.runPickle(Runner.java:80)
	at cucumber.runtime.junit.PickleRunners$NoStepDescriptions.run(PickleRunners.java:140)
	at cucumber.runtime.junit.FeatureRunner.runChild(FeatureRunner.java:68)
	at cucumber.runtime.junit.FeatureRunner.runChild(FeatureRunner.java:23)
	at org.junit.runners.ParentRunner$3.run(ParentRunner.java:290)
	at org.junit.runners.ParentRunner$1.schedule(ParentRunner.java:71)
	at org.junit.runners.ParentRunner.runChildren(ParentRunner.java:288)
	at org.junit.runners.ParentRunner.access$000(ParentRunner.java:58)
	at org.junit.runners.ParentRunner$2.evaluate(ParentRunner.java:268)
	at org.junit.runners.ParentRunner.run(ParentRunner.java:363)
	at cucumber.runtime.junit.FeatureRunner.run(FeatureRunner.java:73)
	at cucumber.api.junit.Cucumber.runChild(Cucumber.java:118)
	at cucumber.api.junit.Cucumber.runChild(Cucumber.java:56)
	at org.junit.runners.ParentRunner$3.run(ParentRunner.java:290)
	at org.junit.runners.ParentRunner$1.schedule(ParentRunner.java:71)
	at org.junit.runners.ParentRunner.runChildren(ParentRunner.java:288)
	at org.junit.runners.ParentRunner.access$000(ParentRunner.java:58)
	at org.junit.runners.ParentRunner$2.evaluate(ParentRunner.java:268)
	at cucumber.api.junit.Cucumber$1.evaluate(Cucumber.java:127)
	at org.junit.runners.ParentRunner.run(ParentRunner.java:363)
	at org.gradle.api.internal.tasks.testing.junit.JUnitTestClassExecutor.runTestClass(JUnitTestClassExecutor.java:110)
	at org.gradle.api.internal.tasks.testing.junit.JUnitTestClassExecutor.execute(JUnitTestClassExecutor.java:58)
	at org.gradle.api.internal.tasks.testing.junit.JUnitTestClassExecutor.execute(JUnitTestClassExecutor.java:38)
	at org.gradle.api.internal.tasks.testing.junit.AbstractJUnitTestClassProcessor.processTestClass(AbstractJUnitTestClassProcessor.java:62)
	at org.gradle.api.internal.tasks.testing.SuiteTestClassProcessor.processTestClass(SuiteTestClassProcessor.java:51)
	at java.base/jdk.internal.reflect.NativeMethodAccessorImpl.invoke0(Native Method)
	at java.base/jdk.internal.reflect.NativeMethodAccessorImpl.invoke(NativeMethodAccessorImpl.java:62)
	at java.base/jdk.internal.reflect.DelegatingMethodAccessorImpl.invoke(DelegatingMethodAccessorImpl.java:43)
	at java.base/java.lang.reflect.Method.invoke(Method.java:566)
	at org.gradle.internal.dispatch.ReflectionDispatch.dispatch(ReflectionDispatch.java:35)
	at org.gradle.internal.dispatch.ReflectionDispatch.dispatch(ReflectionDispatch.java:24)
	at org.gradle.internal.dispatch.ContextClassLoaderDispatch.dispatch(ContextClassLoaderDispatch.java:32)
	at org.gradle.internal.dispatch.ProxyDispatchAdapter$DispatchingInvocationHandler.invoke(ProxyDispatchAdapter.java:93)
	at com.sun.proxy.$Proxy2.processTestClass(Unknown Source)
	at org.gradle.api.internal.tasks.testing.worker.TestWorker.processTestClass(TestWorker.java:118)
	at java.base/jdk.internal.reflect.NativeMethodAccessorImpl.invoke0(Native Method)
	at java.base/jdk.internal.reflect.NativeMethodAccessorImpl.invoke(NativeMethodAccessorImpl.java:62)
	at java.base/jdk.internal.reflect.DelegatingMethodAccessorImpl.invoke(DelegatingMethodAccessorImpl.java:43)
	at java.base/java.lang.reflect.Method.invoke(Method.java:566)
	at org.gradle.internal.dispatch.ReflectionDispatch.dispatch(ReflectionDispatch.java:35)
	at org.gradle.internal.dispatch.ReflectionDispatch.dispatch(ReflectionDispatch.java:24)
	at org.gradle.internal.remote.internal.hub.MessageHubBackedObjectConnection$DispatchWrapper.dispatch(MessageHubBackedObjectConnection.java:175)
	at org.gradle.internal.remote.internal.hub.MessageHubBackedObjectConnection$DispatchWrapper.dispatch(MessageHubBackedObjectConnection.java:157)
	at org.gradle.internal.remote.internal.hub.MessageHub$Handler.run(MessageHub.java:404)
	at org.gradle.internal.concurrent.ExecutorPolicy$CatchAndRecordFailures.onExecute(ExecutorPolicy.java:63)
	at org.gradle.internal.concurrent.ManagedExecutorImpl$1.run(ManagedExecutorImpl.java:46)
	at java.base/java.util.concurrent.ThreadPoolExecutor.runWorker(ThreadPoolExecutor.java:1128)
	at java.base/java.util.concurrent.ThreadPoolExecutor$Worker.run(ThreadPoolExecutor.java:628)
	at org.gradle.internal.concurrent.ThreadFactoryImpl$ManagedThreadRunnable.run(ThreadFactoryImpl.java:55)
	at java.base/java.lang.Thread.run(Thread.java:834)
</failure>
  </testcase>
  <system-out><![CDATA[]]></system-out>
  <system-err><![CDATA[[Test worker] WARN net.thucydides.core.steps.BaseStepListener - stepStarted: net.thucydides.core.steps.ExecutedStepDescription@2fed3552
[Test worker] WARN net.thucydides.core.steps.BaseStepListener - stepStarted: net.thucydides.core.steps.ExecutedStepDescription@72aa1709
[Test worker] WARN net.thucydides.core.steps.BaseStepListener - stepStarted: net.thucydides.core.steps.ExecutedStepDescription@1452f7fb
oct. 25, 2021 8:30:27 P. M. org.openqa.selenium.remote.DesiredCapabilities chrome
INFORMACIÓN: Using `new ChromeOptions()` is preferred to `DesiredCapabilities.chrome()`
[Test worker] INFO net.serenitybdd.core.webdriver.driverproviders.ProvideNewDriver - Instantiating driver
[Test worker] INFO net.serenitybdd.core.webdriver.driverproviders.ProvideNewDriver - Driver capabilities: Capabilities {acceptInsecureCerts: false, browserName: chrome, chrome.switches: --start-maximized, goog:chromeOptions: {args: [--start-maximized], extensions: []}, loggingPrefs: org.openqa.selenium.logging..., platform: ANY, version: }
Starting ChromeDriver 95.0.4638.17 (a9d0719444d4b035e284ed1fce73bf6ccd789df2-refs/branch-heads/4638@{#178}) on port 4794
Only local connections are allowed.
Please see https://chromedriver.chromium.org/security-considerations for suggestions on keeping ChromeDriver safe.
ChromeDriver was started successfully.
oct. 25, 2021 8:30:31 P. M. org.openqa.selenium.remote.ProtocolHandshake createSession
INFORMACIÓN: Detected dialect: W3C
[Test worker] WARN net.thucydides.core.steps.BaseStepListener - stepFinished: current outcome:Registration on the Utest page:Given than Zuly wants to sign up for Utest [Zuly open up [Zuly opens the Utest academy page]]
[Test worker] WARN net.thucydides.core.steps.BaseStepListener - stepFinished: current outcome:Registration on the Utest page:Given than Zuly wants to sign up for Utest [Zuly open up [Zuly opens the Utest academy page]]
[Test worker] WARN net.thucydides.core.steps.BaseStepListener - stepFinished: current outcome:Registration on the Utest page:Given than Zuly wants to sign up for Utest [Zuly open up [Zuly opens the Utest academy page]]
[Test worker] WARN net.thucydides.core.steps.BaseStepListener - stepStarted: net.thucydides.core.steps.ExecutedStepDescription@72a2cdbe
[Test worker] WARN net.thucydides.core.steps.BaseStepListener - stepStarted: net.thucydides.core.steps.ExecutedStepDescription@261aee9f
[Test worker] WARN net.thucydides.core.steps.BaseStepListener - testFinished: Registration on the Utest page:Given than Zuly wants to sign up for Utest [Zuly open up [Zuly opens the Utest academy page]], When she clicks on the join today option
| strfirstname | strlastname | stremailadress | strmonth | strday | stryear | strcity | strzip | strcountry | strcomputer | strversion | strlanguage | strmobile | strmodel | strsystem | strpassword | strlanguageuser |
| Zuly | Mejia | mydreams.9811@hotmail.com | November | 8 | 1998 | Villavicencio | 500003 | Colombia | Windows | 10 | Spanish | Huawei | P30 lite | Android 10 | Utest123.. | Spanish |, Then she must fill out the form
| strquestion |
| Welcome to the community! |
[Test worker] WARN net.thucydides.core.steps.BaseStepListener - TestOutcomes: [Registration on the Utest page:Given than Zuly wants to sign up for Utest [Zuly open up [Zuly opens the Utest academy page]], When she clicks on the join today option
| strfirstname | strlastname | stremailadress | strmonth | strday | stryear | strcity | strzip | strcountry | strcomputer | strversion | strlanguage | strmobile | strmodel | strsystem | strpassword | strlanguageuser |
| Zuly | Mejia | mydreams.9811@hotmail.com | November | 8 | 1998 | Villavicencio | 500003 | Colombia | Windows | 10 | Spanish | Huawei | P30 lite | Android 10 | Utest123.. | Spanish |, Then she must fill out the form
| strquestion |
| Welcome to the community! |]
[Test worker] WARN net.thucydides.core.steps.BaseStepListener - Final testOutcomes: [Registration on the Utest page:Given than Zuly wants to sign up for Utest [Zuly open up [Zuly opens the Utest academy page]], When she clicks on the join today option
| strfirstname | strlastname | stremailadress | strmonth | strday | stryear | strcity | strzip | strcountry | strcomputer | strversion | strlanguage | strmobile | strmodel | strsystem | strpassword | strlanguageuser |
| Zuly | Mejia | mydreams.9811@hotmail.com | November | 8 | 1998 | Villavicencio | 500003 | Colombia | Windows | 10 | Spanish | Huawei | P30 lite | Android 10 | Utest123.. | Spanish |, Then she must fill out the form
| strquestion |
| Welcome to the community! |]
[Test worker] ERROR net.thucydides.core.steps.ConsoleLoggingListener - 
           __  _____ _____ ____ _____   _____ _    ___ _     _____ ____  
  _       / / |_   _| ____/ ___|_   _| |  ___/ \  |_ _| |   | ____|  _ \ 
 (_)_____| |    | | |  _| \___ \ | |   | |_ / _ \  | || |   |  _| | | | |
  _|_____| |    | | | |___ ___) || |   |  _/ ___ \ | || |___| |___| |_| |
 (_)     | |    |_| |_____|____/ |_|   |_|/_/   \_\___|_____|_____|____/ 
          \_\                                                            

TEST FAILED WITH ERROR: Registration on the Utest page
---------------------------------------------------------------------
[Test worker] ERROR net.thucydides.core.steps.ConsoleLoggingListener - TEST FAILED AT STEP When she clicks on the join today option | strfirstname | strlastname | stremailadress | strmonth | strday | stryear | strcity | strzip | strcountry | strcomputer | strversion | strlanguage | strmobile | strmodel | strsystem | strpassword | strlanguageuser | | Zuly | Mejia | mydreams.9811@hotmail.com | November | 8 | 1998 | Villavicencio | 500003 | Colombia | Windows | 10 | Spanish | Huawei | P30 lite | Android 10 | Utest123.. | Spanish |
[Test worker] ERROR net.thucydides.core.steps.ConsoleLoggingListener - No such field co.com.choucair.certification.pruebatecnica.model.AcademyUtestData.strpassword
]]></system-err>
</testsuite>
